--------
D:\SoftwareProject\network_analysis_service\temp\work\snap_bipartite_matching_flows_edmond_karp.exe.Err
Mon Apr 17 11:18:10 2017
Execution stopped: Net->IsNode(SrcNId), file d:\softwareproject\snap-3.0\snap-core\flow.cpp, line 104
--------
--------
D:\SoftwareProject\network_analysis_service\temp\work\snap_bipartite_matching_flows_edmond_karp.exe.Err
Mon Apr 17 11:20:17 2017
Execution stopped: Net->IsNode(SrcNId), file d:\softwareproject\snap-3.0\snap-core\flow.cpp, line 104
--------
--------
D:\SoftwareProject\network_analysis_service\temp\work\snap_bipartite_matching_flows_edmond_karp.exe.Err
Wed Apr 19 19:27:49 2017
Execution stopped: Net->IsNode(SrcNId), file d:\softwareproject\snap-3.0\snap-core\flow.cpp, line 104
--------
--------
D:\SoftwareProject\network_analysis_service\temp\work\snap_bipartite_matching_flows_edmond_karp.exe.Err
Sat Apr 22 01:17:18 2017
Execution stopped: Net->IsNode(SrcNId), file d:\softwareproject\snap-3.0\snap-core\flow.cpp, line 104
--------
--------
D:\SoftwareProject\network_analysis_service\temp\work\snap_bipartite_matching_flows_edmond_karp.exe.Err
Sat Apr 22 01:18:27 2017
Execution stopped: Net->IsNode(SrcNId), file d:\softwareproject\snap-3.0\snap-core\flow.cpp, line 104
--------
--------
D:\SoftwareProject\network_analysis_service\temp\work\snap_bipartite_matching_flows_edmond_karp.exe.Err
Sat Apr 22 01:19:01 2017
Execution stopped: Net->IsNode(SrcNId), file d:\softwareproject\snap-3.0\snap-core\flow.cpp, line 104
--------
--------
D:\SoftwareProject\network_analysis_service\temp\work\snap_bipartite_matching_flows_edmond_karp.exe.Err
Wed May 24 07:36:25 2017
Execution stopped: Net->IsNode(SrcNId), file d:\softwareproject\snap-3.0\snap-core\flow.cpp, line 104
--------
